  [1m[36m (189.6ms)[0m  [1mCREATE TABLE "schema_migrations" ("version" character varying NOT NULL) [0m
  [1m[35m (2.7ms)[0m  CREATE UNIQUE INDEX  "unique_schema_migrations" ON "schema_migrations"  ("version")
  [1m[36mActiveRecord::SchemaMigration Load (0.5ms)[0m  [1mSELECT "schema_migrations".* FROM "schema_migrations"[0m
Migrating to CreateUsers (20170209214335)
  [1m[35m (0.3ms)[0m  BEGIN
  [1m[36m (75.4ms)[0m  [1mCREATE TABLE "users" ("id" serial primary key, "name" character varying NOT NULL) [0m
  [1m[35m (1.4ms)[0m  CREATE UNIQUE INDEX  "index_users_on_name" ON "users"  ("name")
  [1m[36mSQL (0.6ms)[0m  [1mINSERT INTO "schema_migrations" ("version") VALUES ($1)[0m  [["version", "20170209214335"]]
  [1m[35m (0.8ms)[0m  COMMIT
Migrating to CreatePolls (20170209214532)
  [1m[36m (0.4ms)[0m  [1mBEGIN[0m
  [1m[35m (5.0ms)[0m  CREATE TABLE "polls" ("id" serial primary key, "title" text NOT NULL, "user_id" integer NOT NULL) 
  [1m[36mSQL (0.3ms)[0m  [1mINSERT INTO "schema_migrations" ("version") VALUES ($1)[0m  [["version", "20170209214532"]]
  [1m[35m (0.6ms)[0m  COMMIT
Migrating to CreateQuestions (20170209214649)
  [1m[36m (0.3ms)[0m  [1mBEGIN[0m
  [1m[35m (5.7ms)[0m  CREATE TABLE "questions" ("id" serial primary key, "text" text NOT NULL, "poll_id" integer NOT NULL) 
  [1m[36mSQL (0.2ms)[0m  [1mINSERT INTO "schema_migrations" ("version") VALUES ($1)[0m  [["version", "20170209214649"]]
  [1m[35m (0.8ms)[0m  COMMIT
Migrating to CreateAnswerChoices (20170209214733)
  [1m[36m (0.3ms)[0m  [1mBEGIN[0m
  [1m[35m (4.7ms)[0m  CREATE TABLE "answer_choices" ("id" serial primary key, "text" text NOT NULL, "question_id" integer NOT NULL) 
  [1m[36mSQL (0.4ms)[0m  [1mINSERT INTO "schema_migrations" ("version") VALUES ($1)[0m  [["version", "20170209214733"]]
  [1m[35m (0.6ms)[0m  COMMIT
Migrating to CreateResponses (20170209214809)
  [1m[36m (0.3ms)[0m  [1mBEGIN[0m
  [1m[35m (7.7ms)[0m  CREATE TABLE "responses" ("id" serial primary key, "user_id" integer NOT NULL, "answer_choice_id" integer NOT NULL) 
  [1m[36mSQL (0.3ms)[0m  [1mINSERT INTO "schema_migrations" ("version") VALUES ($1)[0m  [["version", "20170209214809"]]
  [1m[35m (0.6ms)[0m  COMMIT
  [1m[36mActiveRecord::SchemaMigration Load (0.4ms)[0m  [1mSELECT "schema_migrations".* FROM "schema_migrations"[0m
  [1m[35m (18.4ms)[0m  SELECT t2.oid::regclass::text AS to_table, a1.attname AS column, a2.attname AS primary_key, c.conname AS name, c.confupdtype AS on_update, c.confdeltype AS on_delete
FROM pg_constraint c
JOIN pg_class t1 ON c.conrelid = t1.oid
JOIN pg_class t2 ON c.confrelid = t2.oid
JOIN pg_attribute a1 ON a1.attnum = c.conkey[1] AND a1.attrelid = t1.oid
JOIN pg_attribute a2 ON a2.attnum = c.confkey[1] AND a2.attrelid = t2.oid
JOIN pg_namespace t3 ON c.connamespace = t3.oid
WHERE c.contype = 'f'
  AND t1.relname = 'answer_choices'
  AND t3.nspname = ANY (current_schemas(false))
ORDER BY c.conname

  [1m[36m (4.2ms)[0m  [1mSELECT t2.oid::regclass::text AS to_table, a1.attname AS column, a2.attname AS primary_key, c.conname AS name, c.confupdtype AS on_update, c.confdeltype AS on_delete
FROM pg_constraint c
JOIN pg_class t1 ON c.conrelid = t1.oid
JOIN pg_class t2 ON c.confrelid = t2.oid
JOIN pg_attribute a1 ON a1.attnum = c.conkey[1] AND a1.attrelid = t1.oid
JOIN pg_attribute a2 ON a2.attnum = c.confkey[1] AND a2.attrelid = t2.oid
JOIN pg_namespace t3 ON c.connamespace = t3.oid
WHERE c.contype = 'f'
  AND t1.relname = 'polls'
  AND t3.nspname = ANY (current_schemas(false))
ORDER BY c.conname
[0m
  [1m[35m (3.9ms)[0m  SELECT t2.oid::regclass::text AS to_table, a1.attname AS column, a2.attname AS primary_key, c.conname AS name, c.confupdtype AS on_update, c.confdeltype AS on_delete
FROM pg_constraint c
JOIN pg_class t1 ON c.conrelid = t1.oid
JOIN pg_class t2 ON c.confrelid = t2.oid
JOIN pg_attribute a1 ON a1.attnum = c.conkey[1] AND a1.attrelid = t1.oid
JOIN pg_attribute a2 ON a2.attnum = c.confkey[1] AND a2.attrelid = t2.oid
JOIN pg_namespace t3 ON c.connamespace = t3.oid
WHERE c.contype = 'f'
  AND t1.relname = 'questions'
  AND t3.nspname = ANY (current_schemas(false))
ORDER BY c.conname

  [1m[36m (3.6ms)[0m  [1mSELECT t2.oid::regclass::text AS to_table, a1.attname AS column, a2.attname AS primary_key, c.conname AS name, c.confupdtype AS on_update, c.confdeltype AS on_delete
FROM pg_constraint c
JOIN pg_class t1 ON c.conrelid = t1.oid
JOIN pg_class t2 ON c.confrelid = t2.oid
JOIN pg_attribute a1 ON a1.attnum = c.conkey[1] AND a1.attrelid = t1.oid
JOIN pg_attribute a2 ON a2.attnum = c.confkey[1] AND a2.attrelid = t2.oid
JOIN pg_namespace t3 ON c.connamespace = t3.oid
WHERE c.contype = 'f'
  AND t1.relname = 'responses'
  AND t3.nspname = ANY (current_schemas(false))
ORDER BY c.conname
[0m
  [1m[35m (3.6ms)[0m  SELECT t2.oid::regclass::text AS to_table, a1.attname AS column, a2.attname AS primary_key, c.conname AS name, c.confupdtype AS on_update, c.confdeltype AS on_delete
FROM pg_constraint c
JOIN pg_class t1 ON c.conrelid = t1.oid
JOIN pg_class t2 ON c.confrelid = t2.oid
JOIN pg_attribute a1 ON a1.attnum = c.conkey[1] AND a1.attrelid = t1.oid
JOIN pg_attribute a2 ON a2.attnum = c.confkey[1] AND a2.attrelid = t2.oid
JOIN pg_namespace t3 ON c.connamespace = t3.oid
WHERE c.contype = 'f'
  AND t1.relname = 'users'
  AND t3.nspname = ANY (current_schemas(false))
ORDER BY c.conname

  [1m[36m (101.7ms)[0m  [1mCREATE TABLE "schema_migrations" ("version" character varying NOT NULL) [0m
  [1m[35m (2.0ms)[0m  CREATE UNIQUE INDEX  "unique_schema_migrations" ON "schema_migrations"  ("version")
  [1m[36mActiveRecord::SchemaMigration Load (0.4ms)[0m  [1mSELECT "schema_migrations".* FROM "schema_migrations"[0m
  [1m[36mUser Load (17.9ms)[0m  [1mSELECT "users".* FROM "users"[0m
  [1m[36mActiveRecord::SchemaMigration Load (0.7ms)[0m  [1mSELECT "schema_migrations".* FROM "schema_migrations"[0m
Migrating to CreateUsers (20170209214335)
  [1m[35m (0.3ms)[0m  BEGIN
  [1m[36m (72.6ms)[0m  [1mCREATE TABLE "users" ("id" serial primary key, "name" character varying NOT NULL) [0m
  [1m[35m (1.6ms)[0m  CREATE UNIQUE INDEX  "index_users_on_name" ON "users"  ("name")
  [1m[36mSQL (0.7ms)[0m  [1mINSERT INTO "schema_migrations" ("version") VALUES ($1)[0m  [["version", "20170209214335"]]
  [1m[35m (0.8ms)[0m  COMMIT
Migrating to CreatePolls (20170209214532)
  [1m[36m (0.6ms)[0m  [1mBEGIN[0m
  [1m[35m (5.6ms)[0m  CREATE TABLE "polls" ("id" serial primary key, "title" text NOT NULL, "user_id" integer NOT NULL) 
  [1m[36mSQL (0.3ms)[0m  [1mINSERT INTO "schema_migrations" ("version") VALUES ($1)[0m  [["version", "20170209214532"]]
  [1m[35m (0.7ms)[0m  COMMIT
Migrating to CreateQuestions (20170209214649)
  [1m[36m (0.6ms)[0m  [1mBEGIN[0m
  [1m[35m (18.3ms)[0m  CREATE TABLE "questions" ("id" serial primary key, "text" text NOT NULL, "poll_id" integer NOT NULL) 
  [1m[36mSQL (0.4ms)[0m  [1mINSERT INTO "schema_migrations" ("version") VALUES ($1)[0m  [["version", "20170209214649"]]
  [1m[35m (0.7ms)[0m  COMMIT
Migrating to CreateAnswerChoices (20170209214733)
  [1m[36m (0.6ms)[0m  [1mBEGIN[0m
  [1m[35m (6.6ms)[0m  CREATE TABLE "answer_choices" ("id" serial primary key, "text" text NOT NULL, "question_id" integer NOT NULL) 
  [1m[36mSQL (0.4ms)[0m  [1mINSERT INTO "schema_migrations" ("version") VALUES ($1)[0m  [["version", "20170209214733"]]
  [1m[35m (0.8ms)[0m  COMMIT
Migrating to CreateResponses (20170209214809)
  [1m[36m (0.4ms)[0m  [1mBEGIN[0m
  [1m[35m (11.8ms)[0m  CREATE TABLE "responses" ("id" serial primary key, "user_id" integer NOT NULL, "answer_choice_id" integer NOT NULL) 
  [1m[36mSQL (0.3ms)[0m  [1mINSERT INTO "schema_migrations" ("version") VALUES ($1)[0m  [["version", "20170209214809"]]
  [1m[35m (0.6ms)[0m  COMMIT
  [1m[36mActiveRecord::SchemaMigration Load (0.4ms)[0m  [1mSELECT "schema_migrations".* FROM "schema_migrations"[0m
  [1m[35m (18.9ms)[0m  SELECT t2.oid::regclass::text AS to_table, a1.attname AS column, a2.attname AS primary_key, c.conname AS name, c.confupdtype AS on_update, c.confdeltype AS on_delete
FROM pg_constraint c
JOIN pg_class t1 ON c.conrelid = t1.oid
JOIN pg_class t2 ON c.confrelid = t2.oid
JOIN pg_attribute a1 ON a1.attnum = c.conkey[1] AND a1.attrelid = t1.oid
JOIN pg_attribute a2 ON a2.attnum = c.confkey[1] AND a2.attrelid = t2.oid
JOIN pg_namespace t3 ON c.connamespace = t3.oid
WHERE c.contype = 'f'
  AND t1.relname = 'answer_choices'
  AND t3.nspname = ANY (current_schemas(false))
ORDER BY c.conname

  [1m[36m (4.3ms)[0m  [1mSELECT t2.oid::regclass::text AS to_table, a1.attname AS column, a2.attname AS primary_key, c.conname AS name, c.confupdtype AS on_update, c.confdeltype AS on_delete
FROM pg_constraint c
JOIN pg_class t1 ON c.conrelid = t1.oid
JOIN pg_class t2 ON c.confrelid = t2.oid
JOIN pg_attribute a1 ON a1.attnum = c.conkey[1] AND a1.attrelid = t1.oid
JOIN pg_attribute a2 ON a2.attnum = c.confkey[1] AND a2.attrelid = t2.oid
JOIN pg_namespace t3 ON c.connamespace = t3.oid
WHERE c.contype = 'f'
  AND t1.relname = 'polls'
  AND t3.nspname = ANY (current_schemas(false))
ORDER BY c.conname
[0m
  [1m[35m (4.3ms)[0m  SELECT t2.oid::regclass::text AS to_table, a1.attname AS column, a2.attname AS primary_key, c.conname AS name, c.confupdtype AS on_update, c.confdeltype AS on_delete
FROM pg_constraint c
JOIN pg_class t1 ON c.conrelid = t1.oid
JOIN pg_class t2 ON c.confrelid = t2.oid
JOIN pg_attribute a1 ON a1.attnum = c.conkey[1] AND a1.attrelid = t1.oid
JOIN pg_attribute a2 ON a2.attnum = c.confkey[1] AND a2.attrelid = t2.oid
JOIN pg_namespace t3 ON c.connamespace = t3.oid
WHERE c.contype = 'f'
  AND t1.relname = 'questions'
  AND t3.nspname = ANY (current_schemas(false))
ORDER BY c.conname

  [1m[36m (4.6ms)[0m  [1mSELECT t2.oid::regclass::text AS to_table, a1.attname AS column, a2.attname AS primary_key, c.conname AS name, c.confupdtype AS on_update, c.confdeltype AS on_delete
FROM pg_constraint c
JOIN pg_class t1 ON c.conrelid = t1.oid
JOIN pg_class t2 ON c.confrelid = t2.oid
JOIN pg_attribute a1 ON a1.attnum = c.conkey[1] AND a1.attrelid = t1.oid
JOIN pg_attribute a2 ON a2.attnum = c.confkey[1] AND a2.attrelid = t2.oid
JOIN pg_namespace t3 ON c.connamespace = t3.oid
WHERE c.contype = 'f'
  AND t1.relname = 'responses'
  AND t3.nspname = ANY (current_schemas(false))
ORDER BY c.conname
[0m
  [1m[35m (3.8ms)[0m  SELECT t2.oid::regclass::text AS to_table, a1.attname AS column, a2.attname AS primary_key, c.conname AS name, c.confupdtype AS on_update, c.confdeltype AS on_delete
FROM pg_constraint c
JOIN pg_class t1 ON c.conrelid = t1.oid
JOIN pg_class t2 ON c.confrelid = t2.oid
JOIN pg_attribute a1 ON a1.attnum = c.conkey[1] AND a1.attrelid = t1.oid
JOIN pg_attribute a2 ON a2.attnum = c.confkey[1] AND a2.attrelid = t2.oid
JOIN pg_namespace t3 ON c.connamespace = t3.oid
WHERE c.contype = 'f'
  AND t1.relname = 'users'
  AND t3.nspname = ANY (current_schemas(false))
ORDER BY c.conname

  [1m[36mActiveRecord::SchemaMigration Load (0.5ms)[0m  [1mSELECT "schema_migrations".* FROM "schema_migrations"[0m
  [1m[36m (4.6ms)[0m  [1mCREATE TABLE "schema_migrations" ("version" character varying NOT NULL) [0m
  [1m[35m (2.1ms)[0m  CREATE UNIQUE INDEX  "unique_schema_migrations" ON "schema_migrations"  ("version")
  [1m[36mActiveRecord::SchemaMigration Load (0.6ms)[0m  [1mSELECT "schema_migrations".* FROM "schema_migrations"[0m
Migrating to CreateUsers (20170209214335)
  [1m[35m (0.3ms)[0m  BEGIN
  [1m[36m (7.2ms)[0m  [1mCREATE TABLE "users" ("id" serial primary key, "name" character varying NOT NULL) [0m
  [1m[35m (1.7ms)[0m  CREATE UNIQUE INDEX  "index_users_on_name" ON "users"  ("name")
  [1m[36mSQL (0.8ms)[0m  [1mINSERT INTO "schema_migrations" ("version") VALUES ($1)[0m  [["version", "20170209214335"]]
  [1m[35m (0.9ms)[0m  COMMIT
Migrating to CreatePolls (20170209214532)
  [1m[36m (0.5ms)[0m  [1mBEGIN[0m
  [1m[35m (12.7ms)[0m  CREATE TABLE "polls" ("id" serial primary key, "title" text NOT NULL, "user_id" integer NOT NULL) 
  [1m[36mSQL (0.2ms)[0m  [1mINSERT INTO "schema_migrations" ("version") VALUES ($1)[0m  [["version", "20170209214532"]]
  [1m[35m (0.5ms)[0m  COMMIT
Migrating to CreateQuestions (20170209214649)
  [1m[36m (0.5ms)[0m  [1mBEGIN[0m
  [1m[35m (5.0ms)[0m  CREATE TABLE "questions" ("id" serial primary key, "text" text NOT NULL, "poll_id" integer NOT NULL) 
  [1m[36mSQL (0.3ms)[0m  [1mINSERT INTO "schema_migrations" ("version") VALUES ($1)[0m  [["version", "20170209214649"]]
  [1m[35m (0.7ms)[0m  COMMIT
Migrating to CreateAnswerChoices (20170209214733)
  [1m[36m (0.5ms)[0m  [1mBEGIN[0m
  [1m[35m (4.3ms)[0m  CREATE TABLE "answer_choices" ("id" serial primary key, "text" text NOT NULL, "question_id" integer NOT NULL) 
  [1m[36mSQL (0.2ms)[0m  [1mINSERT INTO "schema_migrations" ("version") VALUES ($1)[0m  [["version", "20170209214733"]]
  [1m[35m (0.6ms)[0m  COMMIT
Migrating to CreateResponses (20170209214809)
  [1m[36m (0.4ms)[0m  [1mBEGIN[0m
  [1m[35m (3.3ms)[0m  CREATE TABLE "responses" ("id" serial primary key, "user_id" integer NOT NULL, "answer_choice_id" integer NOT NULL) 
  [1m[36mSQL (0.3ms)[0m  [1mINSERT INTO "schema_migrations" ("version") VALUES ($1)[0m  [["version", "20170209214809"]]
  [1m[35m (0.7ms)[0m  COMMIT
  [1m[36mActiveRecord::SchemaMigration Load (0.3ms)[0m  [1mSELECT "schema_migrations".* FROM "schema_migrations"[0m
  [1m[35m (4.8ms)[0m  SELECT t2.oid::regclass::text AS to_table, a1.attname AS column, a2.attname AS primary_key, c.conname AS name, c.confupdtype AS on_update, c.confdeltype AS on_delete
FROM pg_constraint c
JOIN pg_class t1 ON c.conrelid = t1.oid
JOIN pg_class t2 ON c.confrelid = t2.oid
JOIN pg_attribute a1 ON a1.attnum = c.conkey[1] AND a1.attrelid = t1.oid
JOIN pg_attribute a2 ON a2.attnum = c.confkey[1] AND a2.attrelid = t2.oid
JOIN pg_namespace t3 ON c.connamespace = t3.oid
WHERE c.contype = 'f'
  AND t1.relname = 'answer_choices'
  AND t3.nspname = ANY (current_schemas(false))
ORDER BY c.conname

  [1m[36m (3.7ms)[0m  [1mSELECT t2.oid::regclass::text AS to_table, a1.attname AS column, a2.attname AS primary_key, c.conname AS name, c.confupdtype AS on_update, c.confdeltype AS on_delete
FROM pg_constraint c
JOIN pg_class t1 ON c.conrelid = t1.oid
JOIN pg_class t2 ON c.confrelid = t2.oid
JOIN pg_attribute a1 ON a1.attnum = c.conkey[1] AND a1.attrelid = t1.oid
JOIN pg_attribute a2 ON a2.attnum = c.confkey[1] AND a2.attrelid = t2.oid
JOIN pg_namespace t3 ON c.connamespace = t3.oid
WHERE c.contype = 'f'
  AND t1.relname = 'polls'
  AND t3.nspname = ANY (current_schemas(false))
ORDER BY c.conname
[0m
  [1m[35m (3.7ms)[0m  SELECT t2.oid::regclass::text AS to_table, a1.attname AS column, a2.attname AS primary_key, c.conname AS name, c.confupdtype AS on_update, c.confdeltype AS on_delete
FROM pg_constraint c
JOIN pg_class t1 ON c.conrelid = t1.oid
JOIN pg_class t2 ON c.confrelid = t2.oid
JOIN pg_attribute a1 ON a1.attnum = c.conkey[1] AND a1.attrelid = t1.oid
JOIN pg_attribute a2 ON a2.attnum = c.confkey[1] AND a2.attrelid = t2.oid
JOIN pg_namespace t3 ON c.connamespace = t3.oid
WHERE c.contype = 'f'
  AND t1.relname = 'questions'
  AND t3.nspname = ANY (current_schemas(false))
ORDER BY c.conname

  [1m[36m (3.6ms)[0m  [1mSELECT t2.oid::regclass::text AS to_table, a1.attname AS column, a2.attname AS primary_key, c.conname AS name, c.confupdtype AS on_update, c.confdeltype AS on_delete
FROM pg_constraint c
JOIN pg_class t1 ON c.conrelid = t1.oid
JOIN pg_class t2 ON c.confrelid = t2.oid
JOIN pg_attribute a1 ON a1.attnum = c.conkey[1] AND a1.attrelid = t1.oid
JOIN pg_attribute a2 ON a2.attnum = c.confkey[1] AND a2.attrelid = t2.oid
JOIN pg_namespace t3 ON c.connamespace = t3.oid
WHERE c.contype = 'f'
  AND t1.relname = 'responses'
  AND t3.nspname = ANY (current_schemas(false))
ORDER BY c.conname
[0m
  [1m[35m (3.6ms)[0m  SELECT t2.oid::regclass::text AS to_table, a1.attname AS column, a2.attname AS primary_key, c.conname AS name, c.confupdtype AS on_update, c.confdeltype AS on_delete
FROM pg_constraint c
JOIN pg_class t1 ON c.conrelid = t1.oid
JOIN pg_class t2 ON c.confrelid = t2.oid
JOIN pg_attribute a1 ON a1.attnum = c.conkey[1] AND a1.attrelid = t1.oid
JOIN pg_attribute a2 ON a2.attnum = c.confkey[1] AND a2.attrelid = t2.oid
JOIN pg_namespace t3 ON c.connamespace = t3.oid
WHERE c.contype = 'f'
  AND t1.relname = 'users'
  AND t3.nspname = ANY (current_schemas(false))
ORDER BY c.conname

  [1m[36mActiveRecord::SchemaMigration Load (0.5ms)[0m  [1mSELECT "schema_migrations".* FROM "schema_migrations"[0m
  [1m[35m (0.1ms)[0m  BEGIN
  [1m[36mSQL (0.9ms)[0m  [1mINSERT INTO "users" ("name") VALUES ($1) RETURNING "id"[0m  [["name", "a"]]
  [1m[35m (0.5ms)[0m  COMMIT
  [1m[36m (0.1ms)[0m  [1mBEGIN[0m
  [1m[35mSQL (0.3ms)[0m  INSERT INTO "users" ("name") VALUES ($1) RETURNING "id"  [["name", "b"]]
  [1m[36m (0.4ms)[0m  [1mCOMMIT[0m
  [1m[35m (0.1ms)[0m  BEGIN
  [1m[36mSQL (0.3ms)[0m  [1mINSERT INTO "users" ("name") VALUES ($1) RETURNING "id"[0m  [["name", "c"]]
  [1m[35m (0.4ms)[0m  COMMIT
  [1m[36m (0.1ms)[0m  [1mBEGIN[0m
  [1m[35m (0.2ms)[0m  ROLLBACK
  [1m[36mActiveRecord::SchemaMigration Load (0.8ms)[0m  [1mSELECT "schema_migrations".* FROM "schema_migrations"[0m
  [1m[35m (0.1ms)[0m  BEGIN
  [1m[36mSQL (15.1ms)[0m  [1mINSERT INTO "users" ("name") VALUES ($1) RETURNING "id"[0m  [["name", "a"]]
  [1m[35m (0.2ms)[0m  ROLLBACK
  [1m[36m (4.7ms)[0m  [1mCREATE TABLE "schema_migrations" ("version" character varying NOT NULL) [0m
  [1m[35m (2.2ms)[0m  CREATE UNIQUE INDEX  "unique_schema_migrations" ON "schema_migrations"  ("version")
  [1m[36mActiveRecord::SchemaMigration Load (0.5ms)[0m  [1mSELECT "schema_migrations".* FROM "schema_migrations"[0m
Migrating to CreateUsers (20170209214335)
  [1m[35m (0.2ms)[0m  BEGIN
  [1m[36m (5.4ms)[0m  [1mCREATE TABLE "users" ("id" serial primary key, "name" character varying NOT NULL) [0m
  [1m[35m (1.2ms)[0m  CREATE UNIQUE INDEX  "index_users_on_name" ON "users"  ("name")
  [1m[36mSQL (0.7ms)[0m  [1mINSERT INTO "schema_migrations" ("version") VALUES ($1)[0m  [["version", "20170209214335"]]
  [1m[35m (0.8ms)[0m  COMMIT
Migrating to CreatePolls (20170209214532)
  [1m[36m (0.5ms)[0m  [1mBEGIN[0m
  [1m[35m (7.6ms)[0m  CREATE TABLE "polls" ("id" serial primary key, "title" text NOT NULL, "user_id" integer NOT NULL) 
  [1m[36mSQL (0.2ms)[0m  [1mINSERT INTO "schema_migrations" ("version") VALUES ($1)[0m  [["version", "20170209214532"]]
  [1m[35m (0.5ms)[0m  COMMIT
Migrating to CreateQuestions (20170209214649)
  [1m[36m (0.3ms)[0m  [1mBEGIN[0m
  [1m[35m (5.3ms)[0m  CREATE TABLE "questions" ("id" serial primary key, "text" text NOT NULL, "poll_id" integer NOT NULL) 
  [1m[36mSQL (0.2ms)[0m  [1mINSERT INTO "schema_migrations" ("version") VALUES ($1)[0m  [["version", "20170209214649"]]
  [1m[35m (0.5ms)[0m  COMMIT
Migrating to CreateAnswerChoices (20170209214733)
  [1m[36m (0.4ms)[0m  [1mBEGIN[0m
  [1m[35m (4.8ms)[0m  CREATE TABLE "answer_choices" ("id" serial primary key, "text" text NOT NULL, "question_id" integer NOT NULL) 
  [1m[36mSQL (0.3ms)[0m  [1mINSERT INTO "schema_migrations" ("version") VALUES ($1)[0m  [["version", "20170209214733"]]
  [1m[35m (0.7ms)[0m  COMMIT
Migrating to CreateResponses (20170209214809)
  [1m[36m (0.4ms)[0m  [1mBEGIN[0m
  [1m[35m (4.2ms)[0m  CREATE TABLE "responses" ("id" serial primary key, "user_id" integer NOT NULL, "answer_choice_id" integer NOT NULL) 
  [1m[36mSQL (0.2ms)[0m  [1mINSERT INTO "schema_migrations" ("version") VALUES ($1)[0m  [["version", "20170209214809"]]
  [1m[35m (0.5ms)[0m  COMMIT
  [1m[36mActiveRecord::SchemaMigration Load (0.6ms)[0m  [1mSELECT "schema_migrations".* FROM "schema_migrations"[0m
  [1m[35m (6.5ms)[0m  SELECT t2.oid::regclass::text AS to_table, a1.attname AS column, a2.attname AS primary_key, c.conname AS name, c.confupdtype AS on_update, c.confdeltype AS on_delete
FROM pg_constraint c
JOIN pg_class t1 ON c.conrelid = t1.oid
JOIN pg_class t2 ON c.confrelid = t2.oid
JOIN pg_attribute a1 ON a1.attnum = c.conkey[1] AND a1.attrelid = t1.oid
JOIN pg_attribute a2 ON a2.attnum = c.confkey[1] AND a2.attrelid = t2.oid
JOIN pg_namespace t3 ON c.connamespace = t3.oid
WHERE c.contype = 'f'
  AND t1.relname = 'answer_choices'
  AND t3.nspname = ANY (current_schemas(false))
ORDER BY c.conname

  [1m[36m (5.1ms)[0m  [1mSELECT t2.oid::regclass::text AS to_table, a1.attname AS column, a2.attname AS primary_key, c.conname AS name, c.confupdtype AS on_update, c.confdeltype AS on_delete
FROM pg_constraint c
JOIN pg_class t1 ON c.conrelid = t1.oid
JOIN pg_class t2 ON c.confrelid = t2.oid
JOIN pg_attribute a1 ON a1.attnum = c.conkey[1] AND a1.attrelid = t1.oid
JOIN pg_attribute a2 ON a2.attnum = c.confkey[1] AND a2.attrelid = t2.oid
JOIN pg_namespace t3 ON c.connamespace = t3.oid
WHERE c.contype = 'f'
  AND t1.relname = 'polls'
  AND t3.nspname = ANY (current_schemas(false))
ORDER BY c.conname
[0m
  [1m[35m (4.4ms)[0m  SELECT t2.oid::regclass::text AS to_table, a1.attname AS column, a2.attname AS primary_key, c.conname AS name, c.confupdtype AS on_update, c.confdeltype AS on_delete
FROM pg_constraint c
JOIN pg_class t1 ON c.conrelid = t1.oid
JOIN pg_class t2 ON c.confrelid = t2.oid
JOIN pg_attribute a1 ON a1.attnum = c.conkey[1] AND a1.attrelid = t1.oid
JOIN pg_attribute a2 ON a2.attnum = c.confkey[1] AND a2.attrelid = t2.oid
JOIN pg_namespace t3 ON c.connamespace = t3.oid
WHERE c.contype = 'f'
  AND t1.relname = 'questions'
  AND t3.nspname = ANY (current_schemas(false))
ORDER BY c.conname

  [1m[36m (3.9ms)[0m  [1mSELECT t2.oid::regclass::text AS to_table, a1.attname AS column, a2.attname AS primary_key, c.conname AS name, c.confupdtype AS on_update, c.confdeltype AS on_delete
FROM pg_constraint c
JOIN pg_class t1 ON c.conrelid = t1.oid
JOIN pg_class t2 ON c.confrelid = t2.oid
JOIN pg_attribute a1 ON a1.attnum = c.conkey[1] AND a1.attrelid = t1.oid
JOIN pg_attribute a2 ON a2.attnum = c.confkey[1] AND a2.attrelid = t2.oid
JOIN pg_namespace t3 ON c.connamespace = t3.oid
WHERE c.contype = 'f'
  AND t1.relname = 'responses'
  AND t3.nspname = ANY (current_schemas(false))
ORDER BY c.conname
[0m
  [1m[35m (4.8ms)[0m  SELECT t2.oid::regclass::text AS to_table, a1.attname AS column, a2.attname AS primary_key, c.conname AS name, c.confupdtype AS on_update, c.confdeltype AS on_delete
FROM pg_constraint c
JOIN pg_class t1 ON c.conrelid = t1.oid
JOIN pg_class t2 ON c.confrelid = t2.oid
JOIN pg_attribute a1 ON a1.attnum = c.conkey[1] AND a1.attrelid = t1.oid
JOIN pg_attribute a2 ON a2.attnum = c.confkey[1] AND a2.attrelid = t2.oid
JOIN pg_namespace t3 ON c.connamespace = t3.oid
WHERE c.contype = 'f'
  AND t1.relname = 'users'
  AND t3.nspname = ANY (current_schemas(false))
ORDER BY c.conname

  [1m[36mActiveRecord::SchemaMigration Load (0.5ms)[0m  [1mSELECT "schema_migrations".* FROM "schema_migrations"[0m
  [1m[35m (0.2ms)[0m  BEGIN
  [1m[36mSQL (20.7ms)[0m  [1mINSERT INTO "users" ("name") VALUES ($1) RETURNING "id"[0m  [["name", "a"]]
  [1m[35m (0.6ms)[0m  COMMIT
  [1m[36m (0.1ms)[0m  [1mBEGIN[0m
  [1m[35mSQL (0.4ms)[0m  INSERT INTO "users" ("name") VALUES ($1) RETURNING "id"  [["name", "b"]]
  [1m[36m (0.5ms)[0m  [1mCOMMIT[0m
  [1m[35m (0.2ms)[0m  BEGIN
  [1m[36mSQL (0.3ms)[0m  [1mINSERT INTO "users" ("name") VALUES ($1) RETURNING "id"[0m  [["name", "c"]]
  [1m[35m (0.4ms)[0m  COMMIT
  [1m[36m (0.2ms)[0m  [1mBEGIN[0m
  [1m[35mSQL (0.9ms)[0m  INSERT INTO "polls" ("title", "user_id") VALUES ($1, $2) RETURNING "id"  [["title", "Who are you voting for1?"], ["user_id", 1]]
  [1m[36m (0.4ms)[0m  [1mCOMMIT[0m
  [1m[35m (0.1ms)[0m  BEGIN
  [1m[36mSQL (0.3ms)[0m  [1mINSERT INTO "polls" ("title", "user_id") VALUES ($1, $2) RETURNING "id"[0m  [["title", "Who are you voting for2?"], ["user_id", 2]]
  [1m[35m (0.4ms)[0m  COMMIT
  [1m[36m (0.3ms)[0m  [1mBEGIN[0m
  [1m[35mSQL (0.3ms)[0m  INSERT INTO "polls" ("title", "user_id") VALUES ($1, $2) RETURNING "id"  [["title", "Who are you voting for3?"], ["user_id", 3]]
  [1m[36m (0.4ms)[0m  [1mCOMMIT[0m
  [1m[35m (0.2ms)[0m  BEGIN
  [1m[36mSQL (0.8ms)[0m  [1mINSERT INTO "questions" ("text", "poll_id") VALUES ($1, $2) RETURNING "id"[0m  [["text", "one"], ["poll_id", 1]]
  [1m[35m (0.4ms)[0m  COMMIT
  [1m[36m (0.1ms)[0m  [1mBEGIN[0m
  [1m[35mSQL (0.2ms)[0m  INSERT INTO "questions" ("text", "poll_id") VALUES ($1, $2) RETURNING "id"  [["text", "four"], ["poll_id", 2]]
  [1m[36m (0.4ms)[0m  [1mCOMMIT[0m
  [1m[35m (0.1ms)[0m  BEGIN
  [1m[36mSQL (0.3ms)[0m  [1mINSERT INTO "questions" ("text", "poll_id") VALUES ($1, $2) RETURNING "id"[0m  [["text", "five"], ["poll_id", 2]]
  [1m[35m (0.4ms)[0m  COMMIT
  [1m[36m (0.1ms)[0m  [1mBEGIN[0m
  [1m[35mSQL (0.2ms)[0m  INSERT INTO "questions" ("text", "poll_id") VALUES ($1, $2) RETURNING "id"  [["text", "three"], ["poll_id", 3]]
  [1m[36m (0.5ms)[0m  [1mCOMMIT[0m
  [1m[35m (0.1ms)[0m  BEGIN
  [1m[36mSQL (0.9ms)[0m  [1mINSERT INTO "answer_choices" ("text", "question_id") VALUES ($1, $2) RETURNING "id"[0m  [["text", "A"], ["question_id", 1]]
  [1m[35m (0.5ms)[0m  COMMIT
  [1m[36m (0.1ms)[0m  [1mBEGIN[0m
  [1m[35mSQL (0.5ms)[0m  INSERT INTO "answer_choices" ("text", "question_id") VALUES ($1, $2) RETURNING "id"  [["text", "B"], ["question_id", 1]]
  [1m[36m (0.5ms)[0m  [1mCOMMIT[0m
  [1m[35m (0.1ms)[0m  BEGIN
  [1m[36mSQL (0.2ms)[0m  [1mINSERT INTO "answer_choices" ("text", "question_id") VALUES ($1, $2) RETURNING "id"[0m  [["text", "C"], ["question_id", 1]]
  [1m[35m (0.4ms)[0m  COMMIT
  [1m[36m (0.1ms)[0m  [1mBEGIN[0m
  [1m[35mSQL (0.2ms)[0m  INSERT INTO "answer_choices" ("text", "question_id") VALUES ($1, $2) RETURNING "id"  [["text", "A"], ["question_id", 2]]
  [1m[36m (0.4ms)[0m  [1mCOMMIT[0m
  [1m[35m (0.1ms)[0m  BEGIN
  [1m[36mSQL (0.2ms)[0m  [1mINSERT INTO "answer_choices" ("text", "question_id") VALUES ($1, $2) RETURNING "id"[0m  [["text", "B"], ["question_id", 2]]
  [1m[35m (0.4ms)[0m  COMMIT
  [1m[36m (0.1ms)[0m  [1mBEGIN[0m
  [1m[35mSQL (0.2ms)[0m  INSERT INTO "answer_choices" ("text", "question_id") VALUES ($1, $2) RETURNING "id"  [["text", "C"], ["question_id", 2]]
  [1m[36m (0.4ms)[0m  [1mCOMMIT[0m
  [1m[35m (0.1ms)[0m  BEGIN
  [1m[36mSQL (0.2ms)[0m  [1mINSERT INTO "answer_choices" ("text", "question_id") VALUES ($1, $2) RETURNING "id"[0m  [["text", "A"], ["question_id", 3]]
  [1m[35m (0.3ms)[0m  COMMIT
  [1m[36m (0.1ms)[0m  [1mBEGIN[0m
  [1m[35mSQL (0.2ms)[0m  INSERT INTO "answer_choices" ("text", "question_id") VALUES ($1, $2) RETURNING "id"  [["text", "B"], ["question_id", 3]]
  [1m[36m (0.3ms)[0m  [1mCOMMIT[0m
  [1m[35m (0.1ms)[0m  BEGIN
  [1m[36mSQL (0.1ms)[0m  [1mINSERT INTO "answer_choices" ("text", "question_id") VALUES ($1, $2) RETURNING "id"[0m  [["text", "C"], ["question_id", 3]]
  [1m[35m (0.4ms)[0m  COMMIT
  [1m[36m (0.1ms)[0m  [1mBEGIN[0m
  [1m[35mSQL (0.1ms)[0m  INSERT INTO "answer_choices" ("text", "question_id") VALUES ($1, $2) RETURNING "id"  [["text", "A"], ["question_id", 4]]
  [1m[36m (0.3ms)[0m  [1mCOMMIT[0m
  [1m[35m (0.1ms)[0m  BEGIN
  [1m[36mSQL (0.1ms)[0m  [1mINSERT INTO "answer_choices" ("text", "question_id") VALUES ($1, $2) RETURNING "id"[0m  [["text", "B"], ["question_id", 4]]
  [1m[35m (0.4ms)[0m  COMMIT
  [1m[36m (0.1ms)[0m  [1mBEGIN[0m
  [1m[35mSQL (0.1ms)[0m  INSERT INTO "answer_choices" ("text", "question_id") VALUES ($1, $2) RETURNING "id"  [["text", "C"], ["question_id", 4]]
  [1m[36m (0.3ms)[0m  [1mCOMMIT[0m
  [1m[35m (0.1ms)[0m  BEGIN
  [1m[36mSQL (0.8ms)[0m  [1mINSERT INTO "responses" ("user_id", "answer_choice_id") VALUES ($1, $2) RETURNING "id"[0m  [["user_id", 1], ["answer_choice_id", 1]]
  [1m[35m (0.4ms)[0m  COMMIT
  [1m[36m (0.1ms)[0m  [1mBEGIN[0m
  [1m[35mSQL (0.3ms)[0m  INSERT INTO "responses" ("user_id", "answer_choice_id") VALUES ($1, $2) RETURNING "id"  [["user_id", 1], ["answer_choice_id", 4]]
  [1m[36m (0.4ms)[0m  [1mCOMMIT[0m
  [1m[35m (0.1ms)[0m  BEGIN
  [1m[36mSQL (0.3ms)[0m  [1mINSERT INTO "responses" ("user_id", "answer_choice_id") VALUES ($1, $2) RETURNING "id"[0m  [["user_id", 1], ["answer_choice_id", 9]]
  [1m[35m (0.4ms)[0m  COMMIT
  [1m[36m (0.1ms)[0m  [1mBEGIN[0m
  [1m[35mSQL (0.2ms)[0m  INSERT INTO "responses" ("user_id", "answer_choice_id") VALUES ($1, $2) RETURNING "id"  [["user_id", 1], ["answer_choice_id", 11]]
  [1m[36m (0.4ms)[0m  [1mCOMMIT[0m
  [1m[35m (0.1ms)[0m  BEGIN
  [1m[36mSQL (0.2ms)[0m  [1mINSERT INTO "responses" ("user_id", "answer_choice_id") VALUES ($1, $2) RETURNING "id"[0m  [["user_id", 2], ["answer_choice_id", 2]]
  [1m[35m (0.4ms)[0m  COMMIT
  [1m[36m (0.1ms)[0m  [1mBEGIN[0m
  [1m[35mSQL (0.2ms)[0m  INSERT INTO "responses" ("user_id", "answer_choice_id") VALUES ($1, $2) RETURNING "id"  [["user_id", 2], ["answer_choice_id", 12]]
  [1m[36m (0.5ms)[0m  [1mCOMMIT[0m
  [1m[35m (0.1ms)[0m  BEGIN
  [1m[36mSQL (0.2ms)[0m  [1mINSERT INTO "responses" ("user_id", "answer_choice_id") VALUES ($1, $2) RETURNING "id"[0m  [["user_id", 3], ["answer_choice_id", 12]]
  [1m[35m (0.4ms)[0m  COMMIT
  [1m[36mUser Load (0.8ms)[0m  [1mSELECT "users".* FROM "users"[0m
  [1m[35mResponse Load (0.9ms)[0m  SELECT "responses".* FROM "responses"
  [1m[36mUser Load (1.1ms)[0m  [1mSELECT  "users".* FROM "users"  ORDER BY "users"."id" ASC LIMIT 1[0m
  [1m[35mPoll Load (0.7ms)[0m  SELECT "polls".* FROM "polls" WHERE "polls"."user_id" = $1  [["user_id", 1]]
  [1m[36mUser Load (0.6ms)[0m  [1mSELECT "users".* FROM "users"[0m
  [1m[35mPoll Load (0.5ms)[0m  SELECT "polls".* FROM "polls" WHERE "polls"."user_id" = $1  [["user_id", 2]]
  [1m[36mUser Load (0.6ms)[0m  [1mSELECT "users".* FROM "users"[0m
  [1m[35mPoll Load (0.4ms)[0m  SELECT "polls".* FROM "polls" WHERE "polls"."user_id" = $1  [["user_id", 3]]
  [1m[36mUser Load (0.6ms)[0m  [1mSELECT "users".* FROM "users"[0m
  [1m[35mResponse Load (0.4ms)[0m  SELECT "responses".* FROM "responses" WHERE "responses"."user_id" = $1  [["user_id", 1]]
  [1m[36mUser Load (0.5ms)[0m  [1mSELECT "users".* FROM "users"[0m
  [1m[35mResponse Load (0.4ms)[0m  SELECT "responses".* FROM "responses" WHERE "responses"."user_id" = $1  [["user_id", 2]]
  [1m[36mUser Load (0.6ms)[0m  [1mSELECT  "users".* FROM "users"  ORDER BY "users"."id" DESC LIMIT 1[0m
  [1m[35mResponse Load (0.6ms)[0m  SELECT "responses".* FROM "responses" WHERE "responses"."user_id" = $1  [["user_id", 3]]
  [1m[36mPoll Load (0.7ms)[0m  [1mSELECT  "polls".* FROM "polls"  ORDER BY "polls"."id" ASC LIMIT 1[0m
  [1m[35mUser Load (0.4ms)[0m  SELECT  "users".* FROM "users" WHERE "users"."id" = $1 LIMIT 1  [["id", 1]]
  [1m[36mPoll Load (0.7ms)[0m  [1mSELECT  "polls".* FROM "polls"  ORDER BY "polls"."id" DESC LIMIT 1[0m
  [1m[35mUser Load (0.5ms)[0m  SELECT  "users".* FROM "users" WHERE "users"."id" = $1 LIMIT 1  [["id", 3]]
  [1m[36mPoll Load (0.7ms)[0m  [1mSELECT  "polls".* FROM "polls"  ORDER BY "polls"."id" ASC LIMIT 1[0m
  [1m[35mQuestion Load (0.8ms)[0m  SELECT "questions".* FROM "questions" WHERE "questions"."poll_id" = $1  [["poll_id", 1]]
  [1m[36mPoll Load (0.7ms)[0m  [1mSELECT  "polls".* FROM "polls"  ORDER BY "polls"."id" DESC LIMIT 1[0m
  [1m[35mQuestion Load (0.4ms)[0m  SELECT "questions".* FROM "questions" WHERE "questions"."poll_id" = $1  [["poll_id", 3]]
  [1m[36mPoll Load (0.5ms)[0m  [1mSELECT "polls".* FROM "polls"[0m
  [1m[35mQuestion Load (0.4ms)[0m  SELECT "questions".* FROM "questions" WHERE "questions"."poll_id" = $1  [["poll_id", 2]]
  [1m[36mQuestion Load (0.7ms)[0m  [1mSELECT  "questions".* FROM "questions"  ORDER BY "questions"."id" ASC LIMIT 1[0m
  [1m[35mAnswerChoice Load (0.5ms)[0m  SELECT "answer_choices".* FROM "answer_choices" WHERE "answer_choices"."question_id" = $1  [["question_id", 1]]
  [1m[36mQuestion Load (0.7ms)[0m  [1mSELECT  "questions".* FROM "questions"  ORDER BY "questions"."id" DESC LIMIT 1[0m
  [1m[35mAnswerChoice Load (0.5ms)[0m  SELECT "answer_choices".* FROM "answer_choices" WHERE "answer_choices"."question_id" = $1  [["question_id", 4]]
  [1m[36mQuestion Load (0.6ms)[0m  [1mSELECT "questions".* FROM "questions"[0m
  [1m[35mAnswerChoice Load (0.5ms)[0m  SELECT "answer_choices".* FROM "answer_choices" WHERE "answer_choices"."question_id" = $1  [["question_id", 3]]
  [1m[36mQuestion Load (0.6ms)[0m  [1mSELECT  "questions".* FROM "questions"  ORDER BY "questions"."id" ASC LIMIT 1[0m
  [1m[35mPoll Load (0.4ms)[0m  SELECT  "polls".* FROM "polls" WHERE "polls"."id" = $1 LIMIT 1  [["id", 1]]
  [1m[36mQuestion Load (0.6ms)[0m  [1mSELECT  "questions".* FROM "questions"  ORDER BY "questions"."id" DESC LIMIT 1[0m
  [1m[35mPoll Load (0.5ms)[0m  SELECT  "polls".* FROM "polls" WHERE "polls"."id" = $1 LIMIT 1  [["id", 3]]
  [1m[36mAnswerChoice Load (0.7ms)[0m  [1mSELECT  "answer_choices".* FROM "answer_choices"  ORDER BY "answer_choices"."id" ASC LIMIT 1[0m
  [1m[35mAnswerChoice Load (0.6ms)[0m  SELECT  "answer_choices".* FROM "answer_choices"  ORDER BY "answer_choices"."id" ASC LIMIT 1
  [1m[36mAnswerChoice Load (0.4ms)[0m  [1mSELECT  "answer_choices".* FROM "answer_choices"  ORDER BY "answer_choices"."id" ASC LIMIT 1[0m
  [1m[35mQuestion Load (0.3ms)[0m  SELECT  "questions".* FROM "questions" WHERE "questions"."id" = $1 LIMIT 1  [["id", 1]]
  [1m[36mAnswerChoice Load (0.6ms)[0m  [1mSELECT  "answer_choices".* FROM "answer_choices"  ORDER BY "answer_choices"."id" DESC LIMIT 1[0m
  [1m[35mQuestion Load (0.4ms)[0m  SELECT  "questions".* FROM "questions" WHERE "questions"."id" = $1 LIMIT 1  [["id", 4]]
  [1m[36mAnswerChoice Load (0.6ms)[0m  [1mSELECT  "answer_choices".* FROM "answer_choices"  ORDER BY "answer_choices"."id" ASC LIMIT 1[0m
  [1m[35mResponse Load (0.3ms)[0m  SELECT "responses".* FROM "responses" WHERE "responses"."answer_choice_id" = $1  [["answer_choice_id", 1]]
  [1m[36mAnswerChoice Load (0.7ms)[0m  [1mSELECT  "answer_choices".* FROM "answer_choices"  ORDER BY "answer_choices"."id" DESC LIMIT 1[0m
  [1m[35mResponse Load (0.4ms)[0m  SELECT "responses".* FROM "responses" WHERE "responses"."answer_choice_id" = $1  [["answer_choice_id", 12]]
  [1m[36mResponse Load (0.7ms)[0m  [1mSELECT  "responses".* FROM "responses"  ORDER BY "responses"."id" ASC LIMIT 1[0m
  [1m[35mAnswerChoice Load (0.4ms)[0m  SELECT  "answer_choices".* FROM "answer_choices" WHERE "answer_choices"."id" = $1 LIMIT 1  [["id", 1]]
  [1m[36mResponse Load (0.6ms)[0m  [1mSELECT  "responses".* FROM "responses"  ORDER BY "responses"."id" DESC LIMIT 1[0m
  [1m[35mAnswerChoice Load (0.4ms)[0m  SELECT  "answer_choices".* FROM "answer_choices" WHERE "answer_choices"."id" = $1 LIMIT 1  [["id", 12]]
  [1m[36mResponse Load (0.7ms)[0m  [1mSELECT  "responses".* FROM "responses"  ORDER BY "responses"."id" DESC LIMIT 1[0m
  [1m[35mUser Load (0.4ms)[0m  SELECT  "users".* FROM "users" WHERE "users"."id" = $1 LIMIT 1  [["id", 3]]
  [1m[36mResponse Load (0.6ms)[0m  [1mSELECT  "responses".* FROM "responses"  ORDER BY "responses"."id" ASC LIMIT 1[0m
  [1m[35mUser Load (0.4ms)[0m  SELECT  "users".* FROM "users" WHERE "users"."id" = $1 LIMIT 1  [["id", 1]]
  [1m[36m (0.3ms)[0m  [1mBEGIN[0m
  [1m[35mAnswerChoice Load (0.3ms)[0m  SELECT  "answer_choices".* FROM "answer_choices" WHERE "answer_choices"."id" = $1 LIMIT 1  [["id", 2]]
  [1m[36mQuestion Load (0.3ms)[0m  [1mSELECT  "questions".* FROM "questions" WHERE "questions"."id" = $1 LIMIT 1[0m  [["id", 1]]
  [1m[35mUser Load (0.5ms)[0m  SELECT  "users".* FROM "users" WHERE "users"."id" = $1 LIMIT 1  [["id", 1]]
  [1m[36m (0.5ms)[0m  [1mROLLBACK[0m
  [1m[35mResponse Load (0.4ms)[0m  SELECT "responses".* FROM "responses" WHERE "responses"."user_id" = $1  [["user_id", 1]]
  [1m[36mResponse Load (0.7ms)[0m  [1mSELECT  "responses".* FROM "responses"  ORDER BY "responses"."id" ASC LIMIT 1[0m
  [1m[35mAnswerChoice Load (0.4ms)[0m  SELECT  "answer_choices".* FROM "answer_choices" WHERE "answer_choices"."id" = $1 LIMIT 1  [["id", 1]]
  [1m[36m (0.3ms)[0m  [1mBEGIN[0m
  [1m[35m (0.4ms)[0m  ROLLBACK
  [1m[36m (0.2ms)[0m  [1mBEGIN[0m
  [1m[35mQuestion Load (0.6ms)[0m  SELECT  "questions".* FROM "questions" INNER JOIN "answer_choices" ON "questions"."id" = "answer_choices"."question_id" WHERE "answer_choices"."id" = $1 LIMIT 1  [["id", 2]]
  [1m[36m (0.5ms)[0m  [1mSELECT COUNT(*) FROM "responses" INNER JOIN "answer_choices" ON "responses"."answer_choice_id" = "answer_choices"."id" WHERE "answer_choices"."question_id" = $1 AND "responses"."user_id" IS NULL[0m  [["question_id", 1]]
  [1m[35mSQL (0.5ms)[0m  INSERT INTO "responses" ("user_id", "answer_choice_id") VALUES ($1, $2) RETURNING "id"  [["user_id", 1], ["answer_choice_id", 2]]
  [1m[36m (0.5ms)[0m  [1mCOMMIT[0m
  [1m[35m (0.2ms)[0m  BEGIN
  [1m[36mQuestion Load (0.7ms)[0m  [1mSELECT  "questions".* FROM "questions" INNER JOIN "answer_choices" ON "questions"."id" = "answer_choices"."question_id" WHERE "answer_choices"."id" = $1 LIMIT 1[0m  [["id", 2]]
  [1m[35m (0.6ms)[0m  SELECT COUNT(*) FROM "responses" INNER JOIN "answer_choices" ON "responses"."answer_choice_id" = "answer_choices"."id" WHERE "answer_choices"."question_id" = $1 AND "responses"."user_id" IS NULL  [["question_id", 1]]
  [1m[36mSQL (0.4ms)[0m  [1mINSERT INTO "responses" ("user_id", "answer_choice_id") VALUES ($1, $2) RETURNING "id"[0m  [["user_id", 1], ["answer_choice_id", 2]]
  [1m[35m (0.6ms)[0m  COMMIT
  [1m[36mQuestion Load (0.6ms)[0m  [1mSELECT  "questions".* FROM "questions" INNER JOIN "answer_choices" ON "questions"."id" = "answer_choices"."question_id" WHERE "answer_choices"."id" = $1 LIMIT 1[0m  [["id", 2]]
  [1m[35mResponse Load (0.6ms)[0m  SELECT "responses".* FROM "responses" INNER JOIN "answer_choices" ON "responses"."answer_choice_id" = "answer_choices"."id" WHERE "answer_choices"."question_id" = $1 AND "responses"."user_id" IS NULL  [["question_id", 1]]
  [1m[36m (0.8ms)[0m  [1mSELECT COUNT(*) FROM "responses" INNER JOIN "answer_choices" ON "responses"."answer_choice_id" = "answer_choices"."id" WHERE "answer_choices"."question_id" = $1 AND "responses"."user_id" IS NULL[0m  [["question_id", 1]]
  [1m[35mResponse Load (0.6ms)[0m  SELECT "responses".* FROM "responses" INNER JOIN "answer_choices" ON "responses"."answer_choice_id" = "answer_choices"."id" WHERE "answer_choices"."question_id" = $1  [["question_id", 1]]
  [1m[36mResponse Load (0.6ms)[0m  [1mSELECT "responses".* FROM "responses" INNER JOIN "answer_choices" ON "responses"."answer_choice_id" = "answer_choices"."id" WHERE "answer_choices"."question_id" = $1 AND "responses"."user_id" = $2[0m  [["question_id", 1], ["user_id", 1]]
  [1m[35m (0.6ms)[0m  SELECT COUNT(*) FROM "responses" INNER JOIN "answer_choices" ON "responses"."answer_choice_id" = "answer_choices"."id" WHERE "answer_choices"."question_id" = $1 AND "responses"."user_id" = $2  [["question_id", 1], ["user_id", 1]]
  [1m[36mQuestion Load (0.6ms)[0m  [1mSELECT  "questions".* FROM "questions" INNER JOIN "answer_choices" ON "questions"."id" = "answer_choices"."question_id" WHERE "answer_choices"."id" = $1 LIMIT 1[0m  [["id", 2]]
  [1m[35mResponse Load (0.6ms)[0m  SELECT "responses".* FROM "responses" INNER JOIN "answer_choices" ON "responses"."answer_choice_id" = "answer_choices"."id" WHERE "answer_choices"."question_id" = $1 AND "responses"."user_id" = $2  [["question_id", 1], ["user_id", 1]]
  [1m[36m (0.5ms)[0m  [1mSELECT COUNT(*) FROM "responses" INNER JOIN "answer_choices" ON "responses"."answer_choice_id" = "answer_choices"."id" WHERE "answer_choices"."question_id" = $1 AND "responses"."user_id" = $2[0m  [["question_id", 1], ["user_id", 1]]
  [1m[35mQuestion Load (0.5ms)[0m  SELECT  "questions".* FROM "questions" INNER JOIN "answer_choices" ON "questions"."id" = "answer_choices"."question_id" WHERE "answer_choices"."id" = $1 LIMIT 1  [["id", 2]]
  [1m[36m (0.8ms)[0m  [1mSELECT COUNT(*) FROM "responses" INNER JOIN "answer_choices" ON "responses"."answer_choice_id" = "answer_choices"."id" WHERE "answer_choices"."question_id" = $1 AND "responses"."user_id" = $2[0m  [["question_id", 1], ["user_id", 1]]
  [1m[36m (5.4ms)[0m  [1mCREATE TABLE "schema_migrations" ("version" character varying NOT NULL) [0m
  [1m[35m (1.9ms)[0m  CREATE UNIQUE INDEX  "unique_schema_migrations" ON "schema_migrations"  ("version")
  [1m[36mActiveRecord::SchemaMigration Load (0.5ms)[0m  [1mSELECT "schema_migrations".* FROM "schema_migrations"[0m
Migrating to CreateUsers (20170209214335)
  [1m[35m (0.3ms)[0m  BEGIN
  [1m[36m (7.6ms)[0m  [1mCREATE TABLE "users" ("id" serial primary key, "name" character varying NOT NULL) [0m
  [1m[35m (1.6ms)[0m  CREATE UNIQUE INDEX  "index_users_on_name" ON "users"  ("name")
  [1m[36mSQL (0.6ms)[0m  [1mINSERT INTO "schema_migrations" ("version") VALUES ($1)[0m  [["version", "20170209214335"]]
  [1m[35m (0.7ms)[0m  COMMIT
Migrating to CreatePolls (20170209214532)
  [1m[36m (0.8ms)[0m  [1mBEGIN[0m
  [1m[35m (6.0ms)[0m  CREATE TABLE "polls" ("id" serial primary key, "title" text NOT NULL, "user_id" integer NOT NULL) 
  [1m[36mSQL (0.2ms)[0m  [1mINSERT INTO "schema_migrations" ("version") VALUES ($1)[0m  [["version", "20170209214532"]]
  [1m[35m (0.6ms)[0m  COMMIT
Migrating to CreateQuestions (20170209214649)
  [1m[36m (0.4ms)[0m  [1mBEGIN[0m
  [1m[35m (5.2ms)[0m  CREATE TABLE "questions" ("id" serial primary key, "text" text NOT NULL, "poll_id" integer NOT NULL) 
  [1m[36mSQL (0.2ms)[0m  [1mINSERT INTO "schema_migrations" ("version") VALUES ($1)[0m  [["version", "20170209214649"]]
  [1m[35m (0.5ms)[0m  COMMIT
Migrating to CreateAnswerChoices (20170209214733)
  [1m[36m (0.4ms)[0m  [1mBEGIN[0m
  [1m[35m (5.7ms)[0m  CREATE TABLE "answer_choices" ("id" serial primary key, "text" text NOT NULL, "question_id" integer NOT NULL) 
  [1m[36mSQL (0.3ms)[0m  [1mINSERT INTO "schema_migrations" ("version") VALUES ($1)[0m  [["version", "20170209214733"]]
  [1m[35m (0.6ms)[0m  COMMIT
Migrating to CreateResponses (20170209214809)
  [1m[36m (0.4ms)[0m  [1mBEGIN[0m
  [1m[35m (4.0ms)[0m  CREATE TABLE "responses" ("id" serial primary key, "user_id" integer NOT NULL, "answer_choice_id" integer NOT NULL) 
  [1m[36mSQL (0.2ms)[0m  [1mINSERT INTO "schema_migrations" ("version") VALUES ($1)[0m  [["version", "20170209214809"]]
  [1m[35m (0.6ms)[0m  COMMIT
  [1m[36mActiveRecord::SchemaMigration Load (0.3ms)[0m  [1mSELECT "schema_migrations".* FROM "schema_migrations"[0m
  [1m[35m (4.3ms)[0m  SELECT t2.oid::regclass::text AS to_table, a1.attname AS column, a2.attname AS primary_key, c.conname AS name, c.confupdtype AS on_update, c.confdeltype AS on_delete
FROM pg_constraint c
JOIN pg_class t1 ON c.conrelid = t1.oid
JOIN pg_class t2 ON c.confrelid = t2.oid
JOIN pg_attribute a1 ON a1.attnum = c.conkey[1] AND a1.attrelid = t1.oid
JOIN pg_attribute a2 ON a2.attnum = c.confkey[1] AND a2.attrelid = t2.oid
JOIN pg_namespace t3 ON c.connamespace = t3.oid
WHERE c.contype = 'f'
  AND t1.relname = 'answer_choices'
  AND t3.nspname = ANY (current_schemas(false))
ORDER BY c.conname

  [1m[36m (6.0ms)[0m  [1mSELECT t2.oid::regclass::text AS to_table, a1.attname AS column, a2.attname AS primary_key, c.conname AS name, c.confupdtype AS on_update, c.confdeltype AS on_delete
FROM pg_constraint c
JOIN pg_class t1 ON c.conrelid = t1.oid
JOIN pg_class t2 ON c.confrelid = t2.oid
JOIN pg_attribute a1 ON a1.attnum = c.conkey[1] AND a1.attrelid = t1.oid
JOIN pg_attribute a2 ON a2.attnum = c.confkey[1] AND a2.attrelid = t2.oid
JOIN pg_namespace t3 ON c.connamespace = t3.oid
WHERE c.contype = 'f'
  AND t1.relname = 'polls'
  AND t3.nspname = ANY (current_schemas(false))
ORDER BY c.conname
[0m
  [1m[35m (4.5ms)[0m  SELECT t2.oid::regclass::text AS to_table, a1.attname AS column, a2.attname AS primary_key, c.conname AS name, c.confupdtype AS on_update, c.confdeltype AS on_delete
FROM pg_constraint c
JOIN pg_class t1 ON c.conrelid = t1.oid
JOIN pg_class t2 ON c.confrelid = t2.oid
JOIN pg_attribute a1 ON a1.attnum = c.conkey[1] AND a1.attrelid = t1.oid
JOIN pg_attribute a2 ON a2.attnum = c.confkey[1] AND a2.attrelid = t2.oid
JOIN pg_namespace t3 ON c.connamespace = t3.oid
WHERE c.contype = 'f'
  AND t1.relname = 'questions'
  AND t3.nspname = ANY (current_schemas(false))
ORDER BY c.conname

  [1m[36m (4.1ms)[0m  [1mSELECT t2.oid::regclass::text AS to_table, a1.attname AS column, a2.attname AS primary_key, c.conname AS name, c.confupdtype AS on_update, c.confdeltype AS on_delete
FROM pg_constraint c
JOIN pg_class t1 ON c.conrelid = t1.oid
JOIN pg_class t2 ON c.confrelid = t2.oid
JOIN pg_attribute a1 ON a1.attnum = c.conkey[1] AND a1.attrelid = t1.oid
JOIN pg_attribute a2 ON a2.attnum = c.confkey[1] AND a2.attrelid = t2.oid
JOIN pg_namespace t3 ON c.connamespace = t3.oid
WHERE c.contype = 'f'
  AND t1.relname = 'responses'
  AND t3.nspname = ANY (current_schemas(false))
ORDER BY c.conname
[0m
  [1m[35m (4.4ms)[0m  SELECT t2.oid::regclass::text AS to_table, a1.attname AS column, a2.attname AS primary_key, c.conname AS name, c.confupdtype AS on_update, c.confdeltype AS on_delete
FROM pg_constraint c
JOIN pg_class t1 ON c.conrelid = t1.oid
JOIN pg_class t2 ON c.confrelid = t2.oid
JOIN pg_attribute a1 ON a1.attnum = c.conkey[1] AND a1.attrelid = t1.oid
JOIN pg_attribute a2 ON a2.attnum = c.confkey[1] AND a2.attrelid = t2.oid
JOIN pg_namespace t3 ON c.connamespace = t3.oid
WHERE c.contype = 'f'
  AND t1.relname = 'users'
  AND t3.nspname = ANY (current_schemas(false))
ORDER BY c.conname

  [1m[36mActiveRecord::SchemaMigration Load (0.5ms)[0m  [1mSELECT "schema_migrations".* FROM "schema_migrations"[0m
  [1m[35m (0.2ms)[0m  BEGIN
  [1m[36mSQL (0.9ms)[0m  [1mINSERT INTO "users" ("name") VALUES ($1) RETURNING "id"[0m  [["name", "a"]]
  [1m[35m (0.5ms)[0m  COMMIT
  [1m[36m (0.1ms)[0m  [1mBEGIN[0m
  [1m[35mSQL (0.3ms)[0m  INSERT INTO "users" ("name") VALUES ($1) RETURNING "id"  [["name", "b"]]
  [1m[36m (0.4ms)[0m  [1mCOMMIT[0m
  [1m[35m (0.1ms)[0m  BEGIN
  [1m[36mSQL (0.3ms)[0m  [1mINSERT INTO "users" ("name") VALUES ($1) RETURNING "id"[0m  [["name", "c"]]
  [1m[35m (0.4ms)[0m  COMMIT
  [1m[36m (0.2ms)[0m  [1mBEGIN[0m
  [1m[35mSQL (0.6ms)[0m  INSERT INTO "polls" ("title", "user_id") VALUES ($1, $2) RETURNING "id"  [["title", "Who are you voting for1?"], ["user_id", 1]]
  [1m[36m (0.4ms)[0m  [1mCOMMIT[0m
  [1m[35m (0.1ms)[0m  BEGIN
  [1m[36mSQL (0.3ms)[0m  [1mINSERT INTO "polls" ("title", "user_id") VALUES ($1, $2) RETURNING "id"[0m  [["title", "Who are you voting for2?"], ["user_id", 2]]
  [1m[35m (0.4ms)[0m  COMMIT
  [1m[36m (0.1ms)[0m  [1mBEGIN[0m
  [1m[35mSQL (0.2ms)[0m  INSERT INTO "polls" ("title", "user_id") VALUES ($1, $2) RETURNING "id"  [["title", "Who are you voting for3?"], ["user_id", 3]]
  [1m[36m (0.4ms)[0m  [1mCOMMIT[0m
  [1m[35m (0.1ms)[0m  BEGIN
  [1m[36mSQL (0.5ms)[0m  [1mINSERT INTO "questions" ("text", "poll_id") VALUES ($1, $2) RETURNING "id"[0m  [["text", "one"], ["poll_id", 1]]
  [1m[35m (0.4ms)[0m  COMMIT
  [1m[36m (0.1ms)[0m  [1mBEGIN[0m
  [1m[35mSQL (0.3ms)[0m  INSERT INTO "questions" ("text", "poll_id") VALUES ($1, $2) RETURNING "id"  [["text", "four"], ["poll_id", 2]]
  [1m[36m (0.4ms)[0m  [1mCOMMIT[0m
  [1m[35m (0.1ms)[0m  BEGIN
  [1m[36mSQL (0.2ms)[0m  [1mINSERT INTO "questions" ("text", "poll_id") VALUES ($1, $2) RETURNING "id"[0m  [["text", "five"], ["poll_id", 2]]
  [1m[35m (0.4ms)[0m  COMMIT
  [1m[36m (0.1ms)[0m  [1mBEGIN[0m
  [1m[35mSQL (0.2ms)[0m  INSERT INTO "questions" ("text", "poll_id") VALUES ($1, $2) RETURNING "id"  [["text", "three"], ["poll_id", 3]]
  [1m[36m (0.4ms)[0m  [1mCOMMIT[0m
  [1m[35m (0.2ms)[0m  BEGIN
  [1m[36mSQL (0.6ms)[0m  [1mINSERT INTO "answer_choices" ("text", "question_id") VALUES ($1, $2) RETURNING "id"[0m  [["text", "A"], ["question_id", 1]]
  [1m[35m (0.5ms)[0m  COMMIT
  [1m[36m (0.1ms)[0m  [1mBEGIN[0m
  [1m[35mSQL (0.3ms)[0m  INSERT INTO "answer_choices" ("text", "question_id") VALUES ($1, $2) RETURNING "id"  [["text", "B"], ["question_id", 1]]
  [1m[36m (0.4ms)[0m  [1mCOMMIT[0m
  [1m[35m (0.1ms)[0m  BEGIN
  [1m[36mSQL (0.3ms)[0m  [1mINSERT INTO "answer_choices" ("text", "question_id") VALUES ($1, $2) RETURNING "id"[0m  [["text", "C"], ["question_id", 1]]
  [1m[35m (0.4ms)[0m  COMMIT
  [1m[36m (0.1ms)[0m  [1mBEGIN[0m
  [1m[35mSQL (0.2ms)[0m  INSERT INTO "answer_choices" ("text", "question_id") VALUES ($1, $2) RETURNING "id"  [["text", "A"], ["question_id", 2]]
  [1m[36m (0.4ms)[0m  [1mCOMMIT[0m
  [1m[35m (0.1ms)[0m  BEGIN
  [1m[36mSQL (0.2ms)[0m  [1mINSERT INTO "answer_choices" ("text", "question_id") VALUES ($1, $2) RETURNING "id"[0m  [["text", "B"], ["question_id", 2]]
  [1m[35m (0.4ms)[0m  COMMIT
  [1m[36m (0.1ms)[0m  [1mBEGIN[0m
  [1m[35mSQL (0.2ms)[0m  INSERT INTO "answer_choices" ("text", "question_id") VALUES ($1, $2) RETURNING "id"  [["text", "C"], ["question_id", 2]]
  [1m[36m (0.3ms)[0m  [1mCOMMIT[0m
  [1m[35m (0.1ms)[0m  BEGIN
  [1m[36mSQL (0.2ms)[0m  [1mINSERT INTO "answer_choices" ("text", "question_id") VALUES ($1, $2) RETURNING "id"[0m  [["text", "A"], ["question_id", 3]]
  [1m[35m (0.4ms)[0m  COMMIT
  [1m[36m (0.1ms)[0m  [1mBEGIN[0m
  [1m[35mSQL (0.2ms)[0m  INSERT INTO "answer_choices" ("text", "question_id") VALUES ($1, $2) RETURNING "id"  [["text", "B"], ["question_id", 3]]
  [1m[36m (0.3ms)[0m  [1mCOMMIT[0m
  [1m[35m (0.1ms)[0m  BEGIN
  [1m[36mSQL (0.2ms)[0m  [1mINSERT INTO "answer_choices" ("text", "question_id") VALUES ($1, $2) RETURNING "id"[0m  [["text", "C"], ["question_id", 3]]
  [1m[35m (0.4ms)[0m  COMMIT
  [1m[36m (0.1ms)[0m  [1mBEGIN[0m
  [1m[35mSQL (0.2ms)[0m  INSERT INTO "answer_choices" ("text", "question_id") VALUES ($1, $2) RETURNING "id"  [["text", "A"], ["question_id", 4]]
  [1m[36m (0.7ms)[0m  [1mCOMMIT[0m
  [1m[35m (0.1ms)[0m  BEGIN
  [1m[36mSQL (0.2ms)[0m  [1mINSERT INTO "answer_choices" ("text", "question_id") VALUES ($1, $2) RETURNING "id"[0m  [["text", "B"], ["question_id", 4]]
  [1m[35m (0.4ms)[0m  COMMIT
  [1m[36m (0.1ms)[0m  [1mBEGIN[0m
  [1m[35mSQL (0.2ms)[0m  INSERT INTO "answer_choices" ("text", "question_id") VALUES ($1, $2) RETURNING "id"  [["text", "C"], ["question_id", 4]]
  [1m[36m (0.3ms)[0m  [1mCOMMIT[0m
  [1m[35m (0.1ms)[0m  BEGIN
  [1m[36mQuestion Load (0.6ms)[0m  [1mSELECT  "questions".* FROM "questions" INNER JOIN "answer_choices" ON "questions"."id" = "answer_choices"."question_id" WHERE "answer_choices"."id" = $1 LIMIT 1[0m  [["id", 1]]
  [1m[35m (0.6ms)[0m  SELECT COUNT(*) FROM "responses" INNER JOIN "answer_choices" ON "responses"."answer_choice_id" = "answer_choices"."id" WHERE "answer_choices"."question_id" = $1 AND "responses"."user_id" = $2  [["question_id", 1], ["user_id", 1]]
  [1m[36mSQL (0.5ms)[0m  [1mINSERT INTO "responses" ("user_id", "answer_choice_id") VALUES ($1, $2) RETURNING "id"[0m  [["user_id", 1], ["answer_choice_id", 1]]
  [1m[35m (0.5ms)[0m  COMMIT
  [1m[36m (0.1ms)[0m  [1mBEGIN[0m
  [1m[35mQuestion Load (0.4ms)[0m  SELECT  "questions".* FROM "questions" INNER JOIN "answer_choices" ON "questions"."id" = "answer_choices"."question_id" WHERE "answer_choices"."id" = $1 LIMIT 1  [["id", 4]]
  [1m[36m (0.5ms)[0m  [1mSELECT COUNT(*) FROM "responses" INNER JOIN "answer_choices" ON "responses"."answer_choice_id" = "answer_choices"."id" WHERE "answer_choices"."question_id" = $1 AND "responses"."user_id" = $2[0m  [["question_id", 2], ["user_id", 1]]
  [1m[35mSQL (0.3ms)[0m  INSERT INTO "responses" ("user_id", "answer_choice_id") VALUES ($1, $2) RETURNING "id"  [["user_id", 1], ["answer_choice_id", 4]]
  [1m[36m (0.4ms)[0m  [1mCOMMIT[0m
  [1m[35m (0.1ms)[0m  BEGIN
  [1m[36mQuestion Load (0.4ms)[0m  [1mSELECT  "questions".* FROM "questions" INNER JOIN "answer_choices" ON "questions"."id" = "answer_choices"."question_id" WHERE "answer_choices"."id" = $1 LIMIT 1[0m  [["id", 9]]
  [1m[35m (0.4ms)[0m  SELECT COUNT(*) FROM "responses" INNER JOIN "answer_choices" ON "responses"."answer_choice_id" = "answer_choices"."id" WHERE "answer_choices"."question_id" = $1 AND "responses"."user_id" = $2  [["question_id", 3], ["user_id", 1]]
  [1m[36mSQL (0.2ms)[0m  [1mINSERT INTO "responses" ("user_id", "answer_choice_id") VALUES ($1, $2) RETURNING "id"[0m  [["user_id", 1], ["answer_choice_id", 9]]
  [1m[35m (0.4ms)[0m  COMMIT
  [1m[36m (0.1ms)[0m  [1mBEGIN[0m
  [1m[35mQuestion Load (0.5ms)[0m  SELECT  "questions".* FROM "questions" INNER JOIN "answer_choices" ON "questions"."id" = "answer_choices"."question_id" WHERE "answer_choices"."id" = $1 LIMIT 1  [["id", 11]]
  [1m[36m (0.5ms)[0m  [1mSELECT COUNT(*) FROM "responses" INNER JOIN "answer_choices" ON "responses"."answer_choice_id" = "answer_choices"."id" WHERE "answer_choices"."question_id" = $1 AND "responses"."user_id" = $2[0m  [["question_id", 4], ["user_id", 1]]
  [1m[35mSQL (0.2ms)[0m  INSERT INTO "responses" ("user_id", "answer_choice_id") VALUES ($1, $2) RETURNING "id"  [["user_id", 1], ["answer_choice_id", 11]]
  [1m[36m (0.5ms)[0m  [1mCOMMIT[0m
  [1m[35m (0.1ms)[0m  BEGIN
  [1m[36mQuestion Load (0.4ms)[0m  [1mSELECT  "questions".* FROM "questions" INNER JOIN "answer_choices" ON "questions"."id" = "answer_choices"."question_id" WHERE "answer_choices"."id" = $1 LIMIT 1[0m  [["id", 2]]
  [1m[35m (0.4ms)[0m  SELECT COUNT(*) FROM "responses" INNER JOIN "answer_choices" ON "responses"."answer_choice_id" = "answer_choices"."id" WHERE "answer_choices"."question_id" = $1 AND "responses"."user_id" = $2  [["question_id", 1], ["user_id", 2]]
  [1m[36mSQL (0.3ms)[0m  [1mINSERT INTO "responses" ("user_id", "answer_choice_id") VALUES ($1, $2) RETURNING "id"[0m  [["user_id", 2], ["answer_choice_id", 2]]
  [1m[35m (0.4ms)[0m  COMMIT
  [1m[36m (0.1ms)[0m  [1mBEGIN[0m
  [1m[35mQuestion Load (0.5ms)[0m  SELECT  "questions".* FROM "questions" INNER JOIN "answer_choices" ON "questions"."id" = "answer_choices"."question_id" WHERE "answer_choices"."id" = $1 LIMIT 1  [["id", 12]]
  [1m[36m (0.4ms)[0m  [1mSELECT COUNT(*) FROM "responses" INNER JOIN "answer_choices" ON "responses"."answer_choice_id" = "answer_choices"."id" WHERE "answer_choices"."question_id" = $1 AND "responses"."user_id" = $2[0m  [["question_id", 4], ["user_id", 2]]
  [1m[35mSQL (0.2ms)[0m  INSERT INTO "responses" ("user_id", "answer_choice_id") VALUES ($1, $2) RETURNING "id"  [["user_id", 2], ["answer_choice_id", 12]]
  [1m[36m (0.4ms)[0m  [1mCOMMIT[0m
  [1m[35m (0.1ms)[0m  BEGIN
  [1m[36mQuestion Load (0.2ms)[0m  [1mSELECT  "questions".* FROM "questions" INNER JOIN "answer_choices" ON "questions"."id" = "answer_choices"."question_id" WHERE "answer_choices"."id" = $1 LIMIT 1[0m  [["id", 12]]
  [1m[35m (0.2ms)[0m  SELECT COUNT(*) FROM "responses" INNER JOIN "answer_choices" ON "responses"."answer_choice_id" = "answer_choices"."id" WHERE "answer_choices"."question_id" = $1 AND "responses"."user_id" = $2  [["question_id", 4], ["user_id", 3]]
  [1m[36mSQL (0.2ms)[0m  [1mINSERT INTO "responses" ("user_id", "answer_choice_id") VALUES ($1, $2) RETURNING "id"[0m  [["user_id", 3], ["answer_choice_id", 12]]
  [1m[35m (0.5ms)[0m  COMMIT
